<?xml version="1.0" encoding="UTF-8"?>
<testng-results skipped="0" failed="0" ignored="0" total="1" passed="1">
  <reporter-output>
  </reporter-output>
  <suite name="Default suite" duration-ms="248397" started-at="2022-08-04T09:52:16Z" finished-at="2022-08-04T09:56:24Z">
    <groups>
    </groups>
    <test name="Default test" duration-ms="248397" started-at="2022-08-04T09:52:16Z" finished-at="2022-08-04T09:56:24Z">
      <class name="runner.FlightMultiCityRunner">
        <test-method status="PASS" signature="InitializeBrowser()[pri:0, instance:runner.FlightMultiCityRunner@72d818d1]" name="InitializeBrowser" is-config="true" duration-ms="12914" started-at="2022-08-04T15:22:03Z" finished-at="2022-08-04T15:22:16Z">
          <reporter-output>
          </reporter-output>
        </test-method> <!-- InitializeBrowser -->
        <test-method status="PASS" signature="flightSearch()[pri:0, instance:runner.FlightMultiCityRunner@72d818d1]" name="flightSearch" duration-ms="248320" started-at="2022-08-04T15:22:16Z" finished-at="2022-08-04T15:26:24Z">
          <reporter-output>
          </reporter-output>
        </test-method> <!-- flightSearch -->
      </class> <!-- runner.FlightMultiCityRunner -->
    </test> <!-- Default test -->
  </suite> <!-- Default suite -->
</testng-results>
